
                            < M A T L A B (R) >
                  Copyright 1984-2010 The MathWorks, Inc.
                Version 7.10.0.499 (R2010a) 64-bit (glnxa64)
                              February 5, 2010

 
  To get started, type one of these: helpwin, helpdesk, or demo.
  For product information, visit www.mathworks.com.
 
Display the name lists created

ret_name =

yrqtr198001
yrqtr198002
yrqtr198003
yrqtr198004
yrqtr198101
yrqtr198102
yrqtr198103
yrqtr198104
yrqtr198201
yrqtr198202
yrqtr198203
yrqtr198204
yrqtr198301
yrqtr198302
yrqtr198303
yrqtr198304
yrqtr198401
yrqtr198402
yrqtr198403
yrqtr198404
yrqtr198501
yrqtr198502
yrqtr198503
yrqtr198504
yrqtr198601
yrqtr198602
yrqtr198603
yrqtr198604
yrqtr198701
yrqtr198702
yrqtr198703
yrqtr198704
yrqtr198801
yrqtr198802
yrqtr198803
yrqtr198804
yrqtr198901
yrqtr198902
yrqtr198903
yrqtr198904
yrqtr199001
yrqtr199002
yrqtr199003
yrqtr199004
yrqtr199101
yrqtr199102
yrqtr199103
yrqtr199104
yrqtr199201
yrqtr199202
yrqtr199203
yrqtr199204
yrqtr199301
yrqtr199302
yrqtr199303
yrqtr199304
yrqtr199401
yrqtr199402
yrqtr199403
yrqtr199404
yrqtr199501
yrqtr199502
yrqtr199503
yrqtr199504
yrqtr199601
yrqtr199602
yrqtr199603
yrqtr199604
yrqtr199701
yrqtr199702
yrqtr199703
yrqtr199704
yrqtr199801
yrqtr199802
yrqtr199803
yrqtr199804
yrqtr199901
yrqtr199902
yrqtr199903
yrqtr199904
yrqtr200001
yrqtr200002
yrqtr200003
yrqtr200004
yrqtr200101
yrqtr200102
yrqtr200103
yrqtr200104
yrqtr200201
yrqtr200202
yrqtr200203
yrqtr200204
yrqtr200301
yrqtr200302
yrqtr200303
yrqtr200304
yrqtr200401
yrqtr200402
yrqtr200403
yrqtr200404
yrqtr200501
yrqtr200502
yrqtr200503
yrqtr200504
yrqtr200601
yrqtr200602
yrqtr200603
yrqtr200604
yrqtr200701
yrqtr200702
yrqtr200703
yrqtr200704
yrqtr200801
yrqtr200802
yrqtr200803
yrqtr200804

